#
# A fatal error has been detected by the Java Runtime Environment:
#
#  SIGSEGV (0xb) at pc=0x00007f828bcf50d7, pid=5471, tid=0x00007f82dc9e8700
#
# JRE version: OpenJDK Runtime Environment (8.0_191-b12) (build 1.8.0_191-8u191-b12-2ubuntu0.18.04.1-b12)
# Java VM: OpenJDK 64-Bit Server VM (25.191-b12 mixed mode linux-amd64 compressed oops)
# Problematic frame:
# C  [liblwjgl_stb.so+0x1f0d7]
#
# Failed to write core dump. Core dumps have been disabled. To enable core dumping, try "ulimit -c unlimited" before starting Java again
#
# If you would like to submit a bug report, please visit:
#   http://bugreport.java.com/bugreport/crash.jsp
# The crash happened outside the Java Virtual Machine in native code.
# See problematic frame for where to report the bug.
#

---------------  T H R E A D  ---------------

Current thread (0x00007f82d400e000):  JavaThread "main" [_thread_in_native, id=5472, stack(0x00007f82dc8e9000,0x00007f82dc9e9000)]

siginfo: si_signo: 11 (SIGSEGV), si_code: 1 (SEGV_MAPERR), si_addr: 0x00007f827c004450

Registers:
RAX=0x00000000f00b5e28, RBX=0x0000000000000000, RCX=0x00007f827c004450, RDX=0x0000000000000044
RSP=0x00007f82dc9e7198, RBP=0x00007f82d5979320, RSI=0x0000000000004420, RDI=0x00007f827c000030
R8 =0x00007f82dc9e72c8, R9 =0x0000000000004420, R10=0x00007f82c501605b, R11=0x00007f82db5c6c30
R12=0x00007f82dc9e72c8, R13=0x00007f82dc9e72c0, R14=0x00007f82d400e1e0, R15=0x00000000f00b5e28
RIP=0x00007f828bcf50d7, EFLAGS=0x0000000000010246, CSGSFS=0x002b000000000033, ERR=0x0000000000000004
  TRAPNO=0x000000000000000e

Top of Stack: (sp=0x00007f82dc9e7198)
0x00007f82dc9e7198:   00007f828bd28df8 00000000f00b5e10
0x00007f82dc9e71a8:   0000000000000000 3e25e354d400e000
0x00007f82dc9e71b8:   000000443e25e354 00000001000112c0
0x00007f82dc9e71c8:   00007f82903a8be0 00007f82dc9e7290
0x00007f82dc9e71d8:   0000000000000000 00007f82903a8be0
0x00007f82dc9e71e8:   00007f82dc9e72f0 00007f82d400e000
0x00007f82dc9e71f8:   00007f82c5016087 0000000000000000
0x00007f82dc9e7208:   0000000000000000 00007f82dc9e7260
0x00007f82dc9e7218:   00007f82db08131b 0000000000000001
0x00007f82dc9e7228:   000000010000f859 0000000000000000
0x00007f82dc9e7238:   fb0f5de83a351a00 00000001000112c0
0x00007f82dc9e7248:   00007f82d400e000 00007f82dc9e7250
0x00007f82dc9e7258:   0000000000000000 00007f82dc9e72f0
0x00007f82dc9e7268:   00007f82903aea98 0000000000000000
0x00007f82dc9e7278:   00007f82903a8be0 0000000000000000
0x00007f82dc9e7288:   00007f82dc9e72b0 00007f82dc9e7338
0x00007f82dc9e7298:   00007f82c5007b10 00000000efe822e8
0x00007f82dc9e72a8:   00007f82c5011a57 0000000000000000
0x00007f82dc9e72b8:   0000000000000000 00000000f00b5e18
0x00007f82dc9e72c8:   00000000f00b5e00 0000000000000044
0x00007f82dc9e72d8:   00007f823e25e354 00007f823e25e354
0x00007f82dc9e72e8:   00007f82d5979320 00000000f00b5da0
0x00007f82dc9e72f8:   00007f82dc9e72f8 00007f82903a8ca5
0x00007f82dc9e7308:   00007f82dc9e7390 00007f82903aea98
0x00007f82dc9e7318:   0000000000000000 00007f82903a8d48
0x00007f82dc9e7328:   00007f82dc9e72b0 00007f82dc9e7358
0x00007f82dc9e7338:   00007f82dc9e73d8 00007f82c5007d80
0x00007f82dc9e7348:   0000000000000000 0000000000000000
0x00007f82dc9e7358:   0000000000000000 0000000000000000
0x00007f82dc9e7368:   00000000f00b5e18 00000000f00b5e00
0x00007f82dc9e7378:   0000000000000044 000000003e25e354
0x00007f82dc9e7388:   000000003e25e354 00000000f00b5da0 

Instructions: (pc=0x00007f828bcf50d7)
0x00007f828bcf50b7:   5c 41 5d c1 e0 08 01 d0 41 5e 98 41 5f e9 7d fd
0x00007f828bcf50c7:   ff ff 0f 1f 80 00 00 00 00 41 89 f1 4a 8d 0c 0f
0x00007f828bcf50d7:   0f b6 01 44 0f b6 41 01 c1 e0 08 66 44 01 c0 0f
0x00007f828bcf50e7:   85 9c 01 00 00 4a 8d 74 0f 02 0f b6 06 0f b6 76 

Register to memory mapping:

RAX=0x00000000f00b5e28 is an oop

[error occurred during error reporting (printing register info), id 0xb]

Stack: [0x00007f82dc8e9000,0x00007f82dc9e9000],  sp=0x00007f82dc9e7198,  free space=1016k
Native frames: (J=compiled Java code, j=interpreted, Vv=VM code, C=native code)
C  [liblwjgl_stb.so+0x1f0d7]

Java frames: (J=compiled Java code, j=interpreted, Vv=VM code)
j  org.lwjgl.stb.STBTruetype.nstbtt_GetCodepointBitmap(JFFI[I[I[I[I)J+0
j  org.lwjgl.stb.STBTruetype.stbtt_GetCodepointBitmap(Lorg/lwjgl/stb/STBTTFontinfo;FFI[I[I[I[I)Ljava/nio/ByteBuffer;+45
j  font.FontTextureGenerator.getCodepointBitmap(C)Lfont/Bitmap;+47
j  font.FontTextureGenerator.getLineBitmap(Ljava/lang/String;)Lfont/Bitmap;+67
j  font.FontTextureGenerator.getFontTexture(FLjava/lang/String;Lassets/meshes/geometry/Color;)Lassets/textures/Texture2D;+39
j  font.TextBox.changeTextTo(Ljava/lang/String;)V+31
j  font.EditableTextBox.processKeyInput(Ljava/lang/String;)V+34
j  font.EditableTextBox.lambda$0(I)V+5
j  font.EditableTextBox$$Lambda$35.handle(I)V+5
j  interaction.input.KeyEventManager.triggerKeyDownEvent(I)V+25
j  interaction.input.KeyInputHandler.pollEvents()V+33
j  core.game.Game.processInput()V+3
j  core.game.Game.run()V+20
j  core.game.Game.<init>(II)V+19
j  core.Application.start()V+8
j  core.Application.init(Lcore/saves/StartParams;)V+12
j  core.Main.main([Ljava/lang/String;)V+9
v  ~StubRoutines::call_stub

---------------  P R O C E S S  ---------------

Java Threads: ( => current thread )
  0x00007f82d4477800 JavaThread "Java2D Disposer" daemon [_thread_blocked, id=5488, stack(0x00007f828b27c000,0x00007f828b37d000)]
  0x00007f82d40bd800 JavaThread "Service Thread" daemon [_thread_blocked, id=5485, stack(0x00007f82c1bbe000,0x00007f82c1cbf000)]
  0x00007f82d40bb000 JavaThread "C1 CompilerThread1" daemon [_thread_blocked, id=5484, stack(0x00007f82c1cc0000,0x00007f82c1dc0000)]
  0x00007f82d40b8000 JavaThread "C2 CompilerThread0" daemon [_thread_blocked, id=5483, stack(0x00007f82c1dc1000,0x00007f82c1ec1000)]
  0x00007f82d40b6800 JavaThread "Signal Dispatcher" daemon [_thread_blocked, id=5482, stack(0x00007f82c1ec1000,0x00007f82c1fc2000)]
  0x00007f82d4084000 JavaThread "Finalizer" daemon [_thread_blocked, id=5481, stack(0x00007f82c22f8000,0x00007f82c23f9000)]
  0x00007f82d4081800 JavaThread "Reference Handler" daemon [_thread_blocked, id=5480, stack(0x00007f82c23f9000,0x00007f82c24fa000)]
=>0x00007f82d400e000 JavaThread "main" [_thread_in_native, id=5472, stack(0x00007f82dc8e9000,0x00007f82dc9e9000)]

Other Threads:
  0x00007f82d4078000 VMThread [stack: 0x00007f82c24fb000,0x00007f82c25fb000] [id=5479]
  0x00007f82d40c0000 WatcherThread [stack: 0x00007f82c1abe000,0x00007f82c1bbe000] [id=5486]

VM state:not at safepoint (normal execution)

VM Mutex/Monitor currently owned by a thread: None

Heap:
 PSYoungGen      total 58368K, used 4261K [0x00000000ec180000, 0x00000000f0f80000, 0x0000000100000000)
  eden space 40960K, 3% used [0x00000000ec180000,0x00000000ec2cd308,0x00000000ee980000)
  from space 17408K, 16% used [0x00000000efe80000,0x00000000f015c3c8,0x00000000f0f80000)
  to   space 19456K, 0% used [0x00000000ee980000,0x00000000ee980000,0x00000000efc80000)
 ParOldGen       total 70656K, used 34221K [0x00000000c4400000, 0x00000000c8900000, 0x00000000ec180000)
  object space 70656K, 48% used [0x00000000c4400000,0x00000000c656b740,0x00000000c8900000)
 Metaspace       used 11946K, capacity 12355K, committed 12416K, reserved 1060864K
  class space    used 980K, capacity 1104K, committed 1152K, reserved 1048576K

Card table byte_map: [0x00007f82d8cb8000,0x00007f82d8e97000] byte_map_base: 0x00007f82d8696000

Marking Bits: (ParMarkBitMap*) 0x00007f82dbb94340
 Begin Bits: [0x00007f82c3220000, 0x00007f82c4110000)
 End Bits:   [0x00007f82c4110000, 0x00007f82c5000000)

Polling page: 0x00007f82dca15000

CodeCache: size=245760Kb used=5190Kb max_used=5197Kb free=240569Kb
 bounds [0x00007f82c5000000, 0x00007f82c5520000, 0x00007f82d4000000]
 total_blobs=2454 nmethods=1505 adapters=865
 compilation: enabled

Compilation events (10 events):
Event: 8,122 Thread 0x00007f82d40bb000 1501       3       java.util.TreeMap::containsKey (14 bytes)
Event: 8,123 Thread 0x00007f82d40bb000 nmethod 1501 0x00007f82c55148d0 code [0x00007f82c5514a40, 0x00007f82c5514ca8]
Event: 8,172 Thread 0x00007f82d40b8000 1502       4       math.matrices.Matrix44f::getB4 (7 bytes)
Event: 8,173 Thread 0x00007f82d40b8000 nmethod 1502 0x00007f82c5514610 code [0x00007f82c5514760, 0x00007f82c55147f8]
Event: 8,192 Thread 0x00007f82d40bb000 1505       1       java.util.concurrent.atomic.AtomicLong::addAndGet (14 bytes)
Event: 8,192 Thread 0x00007f82d40bb000 nmethod 1505 0x00007f82c5514350 code [0x00007f82c55144a0, 0x00007f82c55145b0]
Event: 8,192 Thread 0x00007f82d40bb000 1503  s    3       sun.misc.Cleaner::remove (89 bytes)
Event: 8,192 Thread 0x00007f82d40bb000 nmethod 1503 0x00007f82c551b2d0 code [0x00007f82c551b460, 0x00007f82c551b950]
Event: 8,192 Thread 0x00007f82d40bb000 1504       3       java.nio.Bits::unreserveMemory (63 bytes)
Event: 8,193 Thread 0x00007f82d40bb000 nmethod 1504 0x00007f82c551abd0 code [0x00007f82c551ad40, 0x00007f82c551b190]

GC Heap History (10 events):
Event: 1,841 GC heap before
{Heap before GC invocations=3 (full 0):
 PSYoungGen      total 17920K, used 17909K [0x00000000ec180000, 0x00000000ee480000, 0x0000000100000000)
  eden space 15360K, 100% used [0x00000000ec180000,0x00000000ed080000,0x00000000ed080000)
  from space 2560K, 99% used [0x00000000ed300000,0x00000000ed57d7c0,0x00000000ed580000)
  to   space 2560K, 0% used [0x00000000ed080000,0x00000000ed080000,0x00000000ed300000)
 ParOldGen       total 40960K, used 10414K [0x00000000c4400000, 0x00000000c6c00000, 0x00000000ec180000)
  object space 40960K, 25% used [0x00000000c4400000,0x00000000c4e2b968,0x00000000c6c00000)
 Metaspace       used 9913K, capacity 10179K, committed 10368K, reserved 1058816K
  class space    used 772K, capacity 870K, committed 896K, reserved 1048576K
Event: 1,867 GC heap after
Heap after GC invocations=3 (full 0):
 PSYoungGen      total 17920K, used 2533K [0x00000000ec180000, 0x00000000ee480000, 0x0000000100000000)
  eden space 15360K, 0% used [0x00000000ec180000,0x00000000ec180000,0x00000000ed080000)
  from space 2560K, 98% used [0x00000000ed080000,0x00000000ed2f97d0,0x00000000ed300000)
  to   space 2560K, 0% used [0x00000000ee200000,0x00000000ee200000,0x00000000ee480000)
 ParOldGen       total 40960K, used 21392K [0x00000000c4400000, 0x00000000c6c00000, 0x00000000ec180000)
  object space 40960K, 52% used [0x00000000c4400000,0x00000000c58e4340,0x00000000c6c00000)
 Metaspace       used 9913K, capacity 10179K, committed 10368K, reserved 1058816K
  class space    used 772K, capacity 870K, committed 896K, reserved 1048576K
}
Event: 2,193 GC heap before
{Heap before GC invocations=4 (full 0):
 PSYoungGen      total 17920K, used 17893K [0x00000000ec180000, 0x00000000ee480000, 0x0000000100000000)
  eden space 15360K, 100% used [0x00000000ec180000,0x00000000ed080000,0x00000000ed080000)
  from space 2560K, 98% used [0x00000000ed080000,0x00000000ed2f97d0,0x00000000ed300000)
  to   space 2560K, 0% used [0x00000000ee200000,0x00000000ee200000,0x00000000ee480000)
 ParOldGen       total 40960K, used 21392K [0x00000000c4400000, 0x00000000c6c00000, 0x00000000ec180000)
  object space 40960K, 52% used [0x00000000c4400000,0x00000000c58e4340,0x00000000c6c00000)
 Metaspace       used 9923K, capacity 10243K, committed 10368K, reserved 1058816K
  class space    used 773K, capacity 870K, committed 896K, reserved 1048576K
Event: 2,221 GC heap after
Heap after GC invocations=4 (full 0):
 PSYoungGen      total 33280K, used 2532K [0x00000000ec180000, 0x00000000ee480000, 0x0000000100000000)
  eden space 30720K, 0% used [0x00000000ec180000,0x00000000ec180000,0x00000000edf80000)
  from space 2560K, 98% used [0x00000000ee200000,0x00000000ee4790c0,0x00000000ee480000)
  to   space 2560K, 0% used [0x00000000edf80000,0x00000000edf80000,0x00000000ee200000)
 ParOldGen       total 40960K, used 33548K [0x00000000c4400000, 0x00000000c6c00000, 0x00000000ec180000)
  object space 40960K, 81% used [0x00000000c4400000,0x00000000c64c32c0,0x00000000c6c00000)
 Metaspace       used 9923K, capacity 10243K, committed 10368K, reserved 1058816K
  class space    used 773K, capacity 870K, committed 896K, reserved 1048576K
}
Event: 2,221 GC heap before
{Heap before GC invocations=5 (full 1):
 PSYoungGen      total 33280K, used 2532K [0x00000000ec180000, 0x00000000ee480000, 0x0000000100000000)
  eden space 30720K, 0% used [0x00000000ec180000,0x00000000ec180000,0x00000000edf80000)
  from space 2560K, 98% used [0x00000000ee200000,0x00000000ee4790c0,0x00000000ee480000)
  to   space 2560K, 0% used [0x00000000edf80000,0x00000000edf80000,0x00000000ee200000)
 ParOldGen       total 40960K, used 33548K [0x00000000c4400000, 0x00000000c6c00000, 0x00000000ec180000)
  object space 40960K, 81% used [0x00000000c4400000,0x00000000c64c32c0,0x00000000c6c00000)
 Metaspace       used 9923K, capacity 10243K, committed 10368K, reserved 1058816K
  class space    used 773K, capacity 870K, committed 896K, reserved 1048576K
Event: 2,373 GC heap after
Heap after GC invocations=5 (full 1):
 PSYoungGen      total 33280K, used 0K [0x00000000ec180000, 0x00000000ee480000, 0x0000000100000000)
  eden space 30720K, 0% used [0x00000000ec180000,0x00000000ec180000,0x00000000edf80000)
  from space 2560K, 0% used [0x00000000ee200000,0x00000000ee200000,0x00000000ee480000)
  to   space 2560K, 0% used [0x00000000edf80000,0x00000000edf80000,0x00000000ee200000)
 ParOldGen       total 70656K, used 29067K [0x00000000c4400000, 0x00000000c8900000, 0x00000000ec180000)
  object space 70656K, 41% used [0x00000000c4400000,0x00000000c6062c58,0x00000000c8900000)
 Metaspace       used 9923K, capacity 10243K, committed 10368K, reserved 1058816K
  class space    used 773K, capacity 870K, committed 896K, reserved 1048576K
}
Event: 4,821 GC heap before
{Heap before GC invocations=6 (full 1):
 PSYoungGen      total 33280K, used 30720K [0x00000000ec180000, 0x00000000ee480000, 0x0000000100000000)
  eden space 30720K, 100% used [0x00000000ec180000,0x00000000edf80000,0x00000000edf80000)
  from space 2560K, 0% used [0x00000000ee200000,0x00000000ee200000,0x00000000ee480000)
  to   space 2560K, 0% used [0x00000000edf80000,0x00000000edf80000,0x00000000ee200000)
 ParOldGen       total 70656K, used 29067K [0x00000000c4400000, 0x00000000c8900000, 0x00000000ec180000)
  object space 70656K, 41% used [0x00000000c4400000,0x00000000c6062c58,0x00000000c8900000)
 Metaspace       used 11894K, capacity 12287K, committed 12416K, reserved 1060864K
  class space    used 979K, capacity 1104K, committed 1152K, reserved 1048576K
Event: 4,839 GC heap after
Heap after GC invocations=6 (full 1):
 PSYoungGen      total 33280K, used 2533K [0x00000000ec180000, 0x00000000f1180000, 0x0000000100000000)
  eden space 30720K, 0% used [0x00000000ec180000,0x00000000ec180000,0x00000000edf80000)
  from space 2560K, 98% used [0x00000000edf80000,0x00000000ee1f9740,0x00000000ee200000)
  to   space 19456K, 0% used [0x00000000efe80000,0x00000000efe80000,0x00000000f1180000)
 ParOldGen       total 70656K, used 34213K [0x00000000c4400000, 0x00000000c8900000, 0x00000000ec180000)
  object space 70656K, 48% used [0x00000000c4400000,0x00000000c6569740,0x00000000c8900000)
 Metaspace       used 11894K, capacity 12287K, committed 12416K, reserved 1060864K
  class space    used 979K, capacity 1104K, committed 1152K, reserved 1048576K
}
Event: 8,186 GC heap before
{Heap before GC invocations=7 (full 1):
 PSYoungGen      total 33280K, used 33253K [0x00000000ec180000, 0x00000000f1180000, 0x0000000100000000)
  eden space 30720K, 100% used [0x00000000ec180000,0x00000000edf80000,0x00000000edf80000)
  from space 2560K, 98% used [0x00000000edf80000,0x00000000ee1f9740,0x00000000ee200000)
  to   space 19456K, 0% used [0x00000000efe80000,0x00000000efe80000,0x00000000f1180000)
 ParOldGen       total 70656K, used 34213K [0x00000000c4400000, 0x00000000c8900000, 0x00000000ec180000)
  object space 70656K, 48% used [0x00000000c4400000,0x00000000c6569740,0x00000000c8900000)
 Metaspace       used 11946K, capacity 12355K, committed 12416K, reserved 1060864K
  class space    used 980K, capacity 1104K, committed 1152K, reserved 1048576K
Event: 8,191 GC heap after
Heap after GC invocations=7 (full 1):
 PSYoungGen      total 58368K, used 2928K [0x00000000ec180000, 0x00000000f0f80000, 0x0000000100000000)
  eden space 40960K, 0% used [0x00000000ec180000,0x00000000ec180000,0x00000000ee980000)
  from space 17408K, 16% used [0x00000000efe80000,0x00000000f015c3c8,0x00000000f0f80000)
  to   space 19456K, 0% used [0x00000000ee980000,0x00000000ee980000,0x00000000efc80000)
 ParOldGen       total 70656K, used 34221K [0x00000000c4400000, 0x00000000c8900000, 0x00000000ec180000)
  object space 70656K, 48% used [0x00000000c4400000,0x00000000c656b740,0x00000000c8900000)
 Metaspace       used 11946K, capacity 12355K, committed 12416K, reserved 1060864K
  class space    used 980K, capacity 1104K, committed 1152K, reserved 1048576K
}

Deoptimization events (10 events):
Event: 1,333 Thread 0x00007f82d400e000 Uncommon trap: reason=unstable_if action=reinterpret pc=0x00007f82c52d85a0 method=models.seeds.noise.TrigonalNoise.addCone(III)V @ 292
Event: 2,617 Thread 0x00007f82d400e000 Uncommon trap: reason=bimorphic action=maybe_recompile pc=0x00007f82c52819a0 method=java.util.HashMap.getNode(ILjava/lang/Object;)Ljava/util/HashMap$Node; @ 126
Event: 2,682 Thread 0x00007f82d400e000 Uncommon trap: reason=unstable_if action=reinterpret pc=0x00007f82c538e918 method=java.io.DataInputStream.readByte()B @ 9
Event: 2,683 Thread 0x00007f82d400e000 Uncommon trap: reason=bimorphic action=maybe_recompile pc=0x00007f82c52819a0 method=java.util.HashMap.getNode(ILjava/lang/Object;)Ljava/util/HashMap$Node; @ 126
Event: 2,699 Thread 0x00007f82d400e000 Uncommon trap: reason=bimorphic action=maybe_recompile pc=0x00007f82c52819a0 method=java.util.HashMap.getNode(ILjava/lang/Object;)Ljava/util/HashMap$Node; @ 126
Event: 2,700 Thread 0x00007f82d400e000 Uncommon trap: reason=bimorphic action=maybe_recompile pc=0x00007f82c52819a0 method=java.util.HashMap.getNode(ILjava/lang/Object;)Ljava/util/HashMap$Node; @ 126
Event: 2,701 Thread 0x00007f82d400e000 Uncommon trap: reason=bimorphic action=maybe_recompile pc=0x00007f82c527f64c method=java.util.HashMap.getNode(ILjava/lang/Object;)Ljava/util/HashMap$Node; @ 126
Event: 3,500 Thread 0x00007f82d400e000 Uncommon trap: reason=predicate action=maybe_recompile pc=0x00007f82c531ff44 method=java.util.ArrayList.indexOf(Ljava/lang/Object;)I @ 44
Event: 7,306 Thread 0x00007f82d400e000 Uncommon trap: reason=null_assert action=make_not_entrant pc=0x00007f82c54ee274 method=java.util.TreeMap.containsKey(Ljava/lang/Object;)Z @ 5
Event: 8,055 Thread 0x00007f82d400e000 Uncommon trap: reason=unstable_if action=reinterpret pc=0x00007f82c54f60d4 method=java.util.TreeMap.getEntry(Ljava/lang/Object;)Ljava/util/TreeMap$Entry; @ 53

Classes redefined (0 events):
No events

Internal exceptions (10 events):
Event: 0,372 Thread 0x00007f82d400e000 Exception <a 'java/lang/NoSuchFieldError': method resolution failed> (0x00000000ec40b6f8) thrown at [/build/openjdk-8-5w_p1G/openjdk-8-8u191-b12/src/hotspot/src/share/vm/prims/methodHandles.cpp, line 1167]
Event: 0,470 Thread 0x00007f82d400e000 Exception <a 'java/security/PrivilegedActionException'> (0x00000000ec5944d8) thrown at [/build/openjdk-8-5w_p1G/openjdk-8-8u191-b12/src/hotspot/src/share/vm/prims/jvm.cpp, line 1429]
Event: 0,470 Thread 0x00007f82d400e000 Exception <a 'java/security/PrivilegedActionException'> (0x00000000ec5946e8) thrown at [/build/openjdk-8-5w_p1G/openjdk-8-8u191-b12/src/hotspot/src/share/vm/prims/jvm.cpp, line 1429]
Event: 0,471 Thread 0x00007f82d400e000 Exception <a 'java/security/PrivilegedActionException'> (0x00000000ec596958) thrown at [/build/openjdk-8-5w_p1G/openjdk-8-8u191-b12/src/hotspot/src/share/vm/prims/jvm.cpp, line 1429]
Event: 0,471 Thread 0x00007f82d400e000 Exception <a 'java/security/PrivilegedActionException'> (0x00000000ec596b68) thrown at [/build/openjdk-8-5w_p1G/openjdk-8-8u191-b12/src/hotspot/src/share/vm/prims/jvm.cpp, line 1429]
Event: 0,471 Thread 0x00007f82d400e000 Exception <a 'java/security/PrivilegedActionException'> (0x00000000ec597828) thrown at [/build/openjdk-8-5w_p1G/openjdk-8-8u191-b12/src/hotspot/src/share/vm/prims/jvm.cpp, line 1429]
Event: 0,471 Thread 0x00007f82d400e000 Exception <a 'java/security/PrivilegedActionException'> (0x00000000ec597a38) thrown at [/build/openjdk-8-5w_p1G/openjdk-8-8u191-b12/src/hotspot/src/share/vm/prims/jvm.cpp, line 1429]
Event: 0,805 Thread 0x00007f82d400e000 Exception <a 'sun/nio/fs/UnixException'> (0x00000000eca17978) thrown at [/build/openjdk-8-5w_p1G/openjdk-8-8u191-b12/src/hotspot/src/share/vm/prims/jni.cpp, line 709]
Event: 2,779 Thread 0x00007f82d400e000 Exception <a 'java/io/FileNotFoundException'> (0x00000000ecf56230) thrown at [/build/openjdk-8-5w_p1G/openjdk-8-8u191-b12/src/hotspot/src/share/vm/prims/jni.cpp, line 709]
Event: 3,171 Thread 0x00007f82d400e000 Exception <a 'java/lang/NoSuchMethodError': java.lang.Object.lambda$0(Lfunction/Function;Lfundamental/Element;)V> (0x00000000ed3e7bc0) thrown at [/build/openjdk-8-5w_p1G/openjdk-8-8u191-b12/src/hotspot/src/share/vm/interpreter/linkResolver.cpp, line 620]

Events (10 events):
Event: 8,193 Executing VM operation: RevokeBias
Event: 8,193 Executing VM operation: RevokeBias done
Event: 8,193 Executing VM operation: RevokeBias
Event: 8,193 Executing VM operation: RevokeBias done
Event: 8,193 Executing VM operation: RevokeBias
Event: 8,193 Executing VM operation: RevokeBias done
Event: 8,193 Executing VM operation: RevokeBias
Event: 8,193 Executing VM operation: RevokeBias done
Event: 8,193 Executing VM operation: RevokeBias
Event: 8,193 Executing VM operation: RevokeBias done


Dynamic libraries:
40d55000-40d57000 r-xs 00000000 fd:00 8127581                            /tmp/.gljVYvR9 (deleted)
41c31000-41cd2000 rw-p 00000000 00:00 0 
c4400000-c8900000 rw-p 00000000 00:00 0 
c8900000-ec180000 ---p 00000000 00:00 0 
ec180000-f0f80000 rw-p 00000000 00:00 0 
f0f80000-100000000 ---p 00000000 00:00 0 
100000000-100120000 rw-p 00000000 00:00 0 
100120000-140000000 ---p 00000000 00:00 0 
563861a3f000-563861a40000 r-xp 00000000 fd:00 1835260                    /usr/lib/jvm/java-8-openjdk-amd64/jre/bin/java
563861c3f000-563861c40000 r--p 00000000 fd:00 1835260                    /usr/lib/jvm/java-8-openjdk-amd64/jre/bin/java
563861c40000-563861c41000 rw-p 00001000 fd:00 1835260                    /usr/lib/jvm/java-8-openjdk-amd64/jre/bin/java
563861cc4000-563861ce5000 rw-p 00000000 00:00 0                          [heap]
7f8284000000-7f8284021000 rw-p 00000000 00:00 0 
7f8284021000-7f8288000000 ---p 00000000 00:00 0 
7f828ac7c000-7f828ae7c000 rw-s 00000000 00:06 468                        /dev/nvidiactl
7f828ae7c000-7f828b27c000 rw-s 00000000 00:06 468                        /dev/nvidiactl
7f828b27c000-7f828b27f000 ---p 00000000 00:00 0 
7f828b27f000-7f828b47d000 rw-p 00000000 00:00 0 
7f828b47d000-7f828b57d000 ---p 00000000 00:00 0 
7f828b57d000-7f828b582000 r-xp 00000000 fd:00 1849385                    /usr/lib/x86_64-linux-gnu/libXtst.so.6.1.0
7f828b582000-7f828b781000 ---p 00005000 fd:00 1849385                    /usr/lib/x86_64-linux-gnu/libXtst.so.6.1.0
7f828b781000-7f828b782000 r--p 00004000 fd:00 1849385                    /usr/lib/x86_64-linux-gnu/libXtst.so.6.1.0
7f828b782000-7f828b783000 rw-p 00005000 fd:00 1849385                    /usr/lib/x86_64-linux-gnu/libXtst.so.6.1.0
7f828b7ae000-7f828b802000 r-xp 00000000 fd:00 1839581                    /usr/lib/jvm/java-8-openjdk-amd64/jre/lib/amd64/libawt_xawt.so
7f828b802000-7f828ba01000 ---p 00054000 fd:00 1839581                    /usr/lib/jvm/java-8-openjdk-amd64/jre/lib/amd64/libawt_xawt.so
7f828ba01000-7f828ba02000 r--p 00053000 fd:00 1839581                    /usr/lib/jvm/java-8-openjdk-amd64/jre/lib/amd64/libawt_xawt.so
7f828ba02000-7f828ba05000 rw-p 00054000 fd:00 1839581                    /usr/lib/jvm/java-8-openjdk-amd64/jre/lib/amd64/libawt_xawt.so
7f828ba05000-7f828ba06000 rw-p 00000000 00:00 0 
7f828ba06000-7f828baa6000 r-xp 00000000 fd:00 1837237                    /usr/lib/jvm/java-8-openjdk-amd64/jre/lib/amd64/libawt.so
7f828baa6000-7f828bca5000 ---p 000a0000 fd:00 1837237                    /usr/lib/jvm/java-8-openjdk-amd64/jre/lib/amd64/libawt.so
7f828bca5000-7f828bca6000 r--p 0009f000 fd:00 1837237                    /usr/lib/jvm/java-8-openjdk-amd64/jre/lib/amd64/libawt.so
7f828bca6000-7f828bcb1000 rw-p 000a0000 fd:00 1837237                    /usr/lib/jvm/java-8-openjdk-amd64/jre/lib/amd64/libawt.so
7f828bcb1000-7f828bcd6000 rw-p 00000000 00:00 0 
7f828bcd6000-7f828bd36000 r-xp 00000000 fd:00 8127574                    /tmp/lwjgljona/3.2.0-build-12/liblwjgl_stb.so
7f828bd36000-7f828bf35000 ---p 00060000 fd:00 8127574                    /tmp/lwjgljona/3.2.0-build-12/liblwjgl_stb.so
7f828bf35000-7f828bf36000 r--p 0005f000 fd:00 8127574                    /tmp/lwjgljona/3.2.0-build-12/liblwjgl_stb.so
7f828bf36000-7f828bf37000 rw-p 00060000 fd:00 8127574                    /tmp/lwjgljona/3.2.0-build-12/liblwjgl_stb.so
7f828bf37000-7f828fc42000 rw-p 00000000 00:00 0 
7f828fc42000-7f8290042000 rw-s 00000000 00:06 468                        /dev/nvidiactl
7f8290042000-7f8290242000 rw-s 00000000 00:06 468                        /dev/nvidiactl
7f8290242000-7f8290442000 rw-p 00000000 00:00 0 
7f8290442000-7f8290482000 rw-s 00000000 00:32 2098652                    /home/jona/.glvndgDJUC3 (deleted)
7f8290482000-7f82904c2000 r-xs 00000000 00:32 2098652                    /home/jona/.glvndgDJUC3 (deleted)
7f82904c2000-7f8290519000 r-xp 00000000 fd:00 8127573                    /tmp/lwjgljona/3.2.0-build-12/liblwjgl_opengl.so
7f8290519000-7f8290718000 ---p 00057000 fd:00 8127573                    /tmp/lwjgljona/3.2.0-build-12/liblwjgl_opengl.so
7f8290718000-7f8290719000 r--p 00056000 fd:00 8127573                    /tmp/lwjgljona/3.2.0-build-12/liblwjgl_opengl.so
7f8290719000-7f829071a000 rw-p 00057000 fd:00 8127573                    /tmp/lwjgljona/3.2.0-build-12/liblwjgl_opengl.so
7f829071a000-7f829079a000 rw-s 00000000 00:06 468                        /dev/nvidiactl
7f829079a000-7f829081a000 rw-s 00000000 00:06 468                        /dev/nvidiactl
7f829091a000-7f8291d39000 r-xp 00000000 fd:00 1838232                    /usr/lib/x86_64-linux-gnu/libnvidia-glcore.so.390.77
7f8291d39000-7f8291d5a000 rwxp 0141f000 fd:00 1838232                    /usr/lib/x86_64-linux-gnu/libnvidia-glcore.so.390.77
7f8291d5a000-7f8292196000 r-xp 01440000 fd:00 1838232                    /usr/lib/x86_64-linux-gnu/libnvidia-glcore.so.390.77
7f8292196000-7f8292395000 ---p 0187c000 fd:00 1838232                    /usr/lib/x86_64-linux-gnu/libnvidia-glcore.so.390.77
7f8292395000-7f8292708000 rw-p 0187b000 fd:00 1838232                    /usr/lib/x86_64-linux-gnu/libnvidia-glcore.so.390.77
7f8292708000-7f8292722000 rw-p 00000000 00:00 0 
7f8292722000-7f8292725000 r-xp 00000000 fd:00 1838236                    /usr/lib/x86_64-linux-gnu/tls/libnvidia-tls.so.390.77
7f8292725000-7f8292925000 ---p 00003000 fd:00 1838236                    /usr/lib/x86_64-linux-gnu/tls/libnvidia-tls.so.390.77
7f8292925000-7f8292926000 rw-p 00003000 fd:00 1838236                    /usr/lib/x86_64-linux-gnu/tls/libnvidia-tls.so.390.77
7f8292926000-7f82929ef000 r-xp 00000000 fd:00 1838229                    /usr/lib/x86_64-linux-gnu/libGLX_nvidia.so.390.77
7f82929ef000-7f8292a23000 rwxp 000c9000 fd:00 1838229                    /usr/lib/x86_64-linux-gnu/libGLX_nvidia.so.390.77
7f8292a23000-7f8292a37000 r-xp 000fd000 fd:00 1838229                    /usr/lib/x86_64-linux-gnu/libGLX_nvidia.so.390.77
7f8292a37000-7f8292c37000 ---p 00111000 fd:00 1838229                    /usr/lib/x86_64-linux-gnu/libGLX_nvidia.so.390.77
7f8292c37000-7f8292c5c000 rw-p 00111000 fd:00 1838229                    /usr/lib/x86_64-linux-gnu/libGLX_nvidia.so.390.77
7f8292c5c000-7f8292c63000 rw-p 00000000 00:00 0 
7f8292c63000-7f8292ca5000 r-xp 00000000 fd:00 1842529                    /usr/lib/x86_64-linux-gnu/libGLdispatch.so.0.0.0
7f8292ca5000-7f8292cbe000 r-xp 00042000 fd:00 1842529                    /usr/lib/x86_64-linux-gnu/libGLdispatch.so.0.0.0
7f8292cbe000-7f8292cd1000 r-xp 0005b000 fd:00 1842529                    /usr/lib/x86_64-linux-gnu/libGLdispatch.so.0.0.0
7f8292cd1000-7f8292ed0000 ---p 0006e000 fd:00 1842529                    /usr/lib/x86_64-linux-gnu/libGLdispatch.so.0.0.0
7f8292ed0000-7f8292ef8000 r--p 0006d000 fd:00 1842529                    /usr/lib/x86_64-linux-gnu/libGLdispatch.so.0.0.0
7f8292ef8000-7f8292ef9000 rw-p 00095000 fd:00 1842529                    /usr/lib/x86_64-linux-gnu/libGLdispatch.so.0.0.0
7f8292ef9000-7f8292f19000 rw-p 00000000 00:00 0 
7f8292f19000-7f8292f29000 r-xp 00000000 fd:00 1841210                    /usr/lib/x86_64-linux-gnu/libGLX.so.0.0.0
7f8292f29000-7f8293128000 ---p 00010000 fd:00 1841210                    /usr/lib/x86_64-linux-gnu/libGLX.so.0.0.0
7f8293128000-7f8293129000 r--p 0000f000 fd:00 1841210                    /usr/lib/x86_64-linux-gnu/libGLX.so.0.0.0
7f8293129000-7f829312a000 rw-p 00010000 fd:00 1841210                    /usr/lib/x86_64-linux-gnu/libGLX.so.0.0.0
7f829312a000-7f829314a000 rw-p 00000000 00:00 0 
7f829314a000-7f829318e000 r-xp 00000000 fd:00 1841206                    /usr/lib/x86_64-linux-gnu/libGL.so.1.0.0
7f829318e000-7f82931a7000 r-xp 00044000 fd:00 1841206                    /usr/lib/x86_64-linux-gnu/libGL.so.1.0.0
7f82931a7000-7f82931bb000 r-xp 0005d000 fd:00 1841206                    /usr/lib/x86_64-linux-gnu/libGL.so.1.0.0
7f82931bb000-7f82933ba000 ---p 00071000 fd:00 1841206                    /usr/lib/x86_64-linux-gnu/libGL.so.1.0.0
7f82933ba000-7f82933d4000 r--p 00070000 fd:00 1841206                    /usr/lib/x86_64-linux-gnu/libGL.so.1.0.0
7f82933d4000-7f82933d5000 rw-p 0008a000 fd:00 1841206                    /usr/lib/x86_64-linux-gnu/libGL.so.1.0.0
7f82933d5000-7f82933d6000 rw-p 00000000 00:00 0 
7f82933d6000-7f82933d7000 r-xp 00000000 fd:00 1839150                    /usr/lib/x86_64-linux-gnu/libX11-xcb.so.1.0.0
7f82933d7000-7f82935d6000 ---p 00001000 fd:00 1839150                    /usr/lib/x86_64-linux-gnu/libX11-xcb.so.1.0.0
7f82935d6000-7f82935d7000 r--p 00000000 fd:00 1839150                    /usr/lib/x86_64-linux-gnu/libX11-xcb.so.1.0.0
7f82935d7000-7f82935d8000 rw-p 00001000 fd:00 1839150                    /usr/lib/x86_64-linux-gnu/libX11-xcb.so.1.0.0
7f82935d8000-7f82935da000 r-xp 00000000 fd:00 1843350                    /usr/lib/x86_64-linux-gnu/libXinerama.so.1.0.0
7f82935da000-7f82937d9000 ---p 00002000 fd:00 1843350                    /usr/lib/x86_64-linux-gnu/libXinerama.so.1.0.0
7f82937d9000-7f82937da000 r--p 00001000 fd:00 1843350                    /usr/lib/x86_64-linux-gnu/libXinerama.so.1.0.0
7f82937da000-7f82937db000 rw-p 00002000 fd:00 1843350                    /usr/lib/x86_64-linux-gnu/libXinerama.so.1.0.0
7f82937db000-7f82937e0000 r-xp 00000000 fd:00 1850388                    /usr/lib/x86_64-linux-gnu/libXfixes.so.3.1.0
7f82937e0000-7f82939df000 ---p 00005000 fd:00 1850388                    /usr/lib/x86_64-linux-gnu/libXfixes.so.3.1.0
7f82939df000-7f82939e0000 r--p 00004000 fd:00 1850388                    /usr/lib/x86_64-linux-gnu/libXfixes.so.3.1.0
7f82939e0000-7f82939e1000 rw-p 00005000 fd:00 1850388                    /usr/lib/x86_64-linux-gnu/libXfixes.so.3.1.0
7f82939e1000-7f82939ea000 r-xp 00000000 fd:00 1837790                    /usr/lib/x86_64-linux-gnu/libXcursor.so.1.0.2
7f82939ea000-7f8293be9000 ---p 00009000 fd:00 1837790                    /usr/lib/x86_64-linux-gnu/libXcursor.so.1.0.2
7f8293be9000-7f8293bea000 r--p 00008000 fd:00 1837790                    /usr/lib/x86_64-linux-gnu/libXcursor.so.1.0.2
7f8293bea000-7f8293beb000 rw-p 00009000 fd:00 1837790                    /usr/lib/x86_64-linux-gnu/libXcursor.so.1.0.2
7f8293beb000-7f8293bf4000 r-xp 00000000 fd:00 1836599                    /usr/lib/x86_64-linux-gnu/libXrender.so.1.3.0
7f8293bf4000-7f8293df3000 ---p 00009000 fd:00 1836599                    /usr/lib/x86_64-linux-gnu/libXrender.so.1.3.0
7f8293df3000-7f8293df4000 r--p 00008000 fd:00 1836599                    /usr/lib/x86_64-linux-gnu/libXrender.so.1.3.0
7f8293df4000-7f8293df5000 rw-p 00009000 fd:00 1836599                    /usr/lib/x86_64-linux-gnu/libXrender.so.1.3.0
7f8293df5000-7f8293dff000 r-xp 00000000 fd:00 1840033                    /usr/lib/x86_64-linux-gnu/libXrandr.so.2.2.0
7f8293dff000-7f8293ffe000 ---p 0000a000 fd:00 1840033                    /usr/lib/x86_64-linux-gnu/libXrandr.so.2.2.0
7f8293ffe000-7f8293fff000 r--p 00009000 fd:00 1840033                    /usr/lib/x86_64-linux-gnu/libXrandr.so.2.2.0
7f8293fff000-7f8294000000 rw-p 0000a000 fd:00 1840033                    /usr/lib/x86_64-linux-gnu/libXrandr.so.2.2.0
7f8294000000-7f8294021000 rw-p 00000000 00:00 0 
7f8294021000-7f8298000000 ---p 00000000 00:00 0 
7f829800b000-7f829808b000 rw-s 00000000 00:06 468                        /dev/nvidiactl
7f829808b000-7f8298190000 rw-s 00000000 00:06 468                        /dev/nvidiactl
7f8298190000-7f829819f000 r-xp 00000000 fd:00 1836699                    /usr/lib/x86_64-linux-gnu/libXi.so.6.1.0
7f829819f000-7f829839e000 ---p 0000f000 fd:00 1836699                    /usr/lib/x86_64-linux-gnu/libXi.so.6.1.0
7f829839e000-7f829839f000 r--p 0000e000 fd:00 1836699                    /usr/lib/x86_64-linux-gnu/libXi.so.6.1.0
7f829839f000-7f82983a0000 rw-p 0000f000 fd:00 1836699                    /usr/lib/x86_64-linux-gnu/libXi.so.6.1.0
7f82983a0000-7f82983b1000 r-xp 00000000 fd:00 1843340                    /usr/lib/x86_64-linux-gnu/libXext.so.6.4.0
7f82983b1000-7f82985b0000 ---p 00011000 fd:00 1843340                    /usr/lib/x86_64-linux-gnu/libXext.so.6.4.0
7f82985b0000-7f82985b1000 r--p 00010000 fd:00 1843340                    /usr/lib/x86_64-linux-gnu/libXext.so.6.4.0
7f82985b1000-7f82985b2000 rw-p 00011000 fd:00 1843340                    /usr/lib/x86_64-linux-gnu/libXext.so.6.4.0
7f82985b2000-7f82985b7000 r-xp 00000000 fd:00 1843376                    /usr/lib/x86_64-linux-gnu/libXxf86vm.so.1.0.0
7f82985b7000-7f82987b6000 ---p 00005000 fd:00 1843376                    /usr/lib/x86_64-linux-gnu/libXxf86vm.so.1.0.0
7f82987b6000-7f82987b7000 r--p 00004000 fd:00 1843376                    /usr/lib/x86_64-linux-gnu/libXxf86vm.so.1.0.0
7f82987b7000-7f82987b8000 rw-p 00005000 fd:00 1843376                    /usr/lib/x86_64-linux-gnu/libXxf86vm.so.1.0.0
7f82987b8000-7f82987cb000 r-xp 00000000 fd:00 8913081                    /lib/x86_64-linux-gnu/libbsd.so.0.8.7
7f82987cb000-7f82989ca000 ---p 00013000 fd:00 8913081                    /lib/x86_64-linux-gnu/libbsd.so.0.8.7
7f82989ca000-7f82989cb000 r--p 00012000 fd:00 8913081                    /lib/x86_64-linux-gnu/libbsd.so.0.8.7
7f82989cb000-7f82989cc000 rw-p 00013000 fd:00 8913081                    /lib/x86_64-linux-gnu/libbsd.so.0.8.7
7f82989cc000-7f82989cd000 rw-p 00000000 00:00 0 
7f82989cd000-7f82989d2000 r-xp 00000000 fd:00 1840995                    /usr/lib/x86_64-linux-gnu/libXdmcp.so.6.0.0
7f82989d2000-7f8298bd1000 ---p 00005000 fd:00 1840995                    /usr/lib/x86_64-linux-gnu/libXdmcp.so.6.0.0
7f8298bd1000-7f8298bd2000 r--p 00004000 fd:00 1840995                    /usr/lib/x86_64-linux-gnu/libXdmcp.so.6.0.0
7f8298bd2000-7f8298bd3000 rw-p 00005000 fd:00 1840995                    /usr/lib/x86_64-linux-gnu/libXdmcp.so.6.0.0
7f8298bd3000-7f8298bd5000 r-xp 00000000 fd:00 1843327                    /usr/lib/x86_64-linux-gnu/libXau.so.6.0.0
7f8298bd5000-7f8298dd5000 ---p 00002000 fd:00 1843327                    /usr/lib/x86_64-linux-gnu/libXau.so.6.0.0
7f8298dd5000-7f8298dd6000 r--p 00002000 fd:00 1843327                    /usr/lib/x86_64-linux-gnu/libXau.so.6.0.0
7f8298dd6000-7f8298dd7000 rw-p 00003000 fd:00 1843327                    /usr/lib/x86_64-linux-gnu/libXau.so.6.0.0
7f8298dd7000-7f8298dfd000 r-xp 00000000 fd:00 1840323                    /usr/lib/x86_64-linux-gnu/libxcb.so.1.1.0
7f8298dfd000-7f8298ffd000 ---p 00026000 fd:00 1840323                    /usr/lib/x86_64-linux-gnu/libxcb.so.1.1.0
7f8298ffd000-7f8298ffe000 r--p 00026000 fd:00 1840323                    /usr/lib/x86_64-linux-gnu/libxcb.so.1.1.0
7f8298ffe000-7f8298fff000 rw-p 00027000 fd:00 1840323                    /usr/lib/x86_64-linux-gnu/libxcb.so.1.1.0
7f8298fff000-7f829c000000 rw-p 00000000 00:00 0 
7f829c000000-7f829c021000 rw-p 00000000 00:00 0 
7f829c021000-7f82a0000000 ---p 00000000 00:00 0 
7f82a0000000-7f82a031e000 rw-p 00000000 00:00 0 
7f82a031e000-7f82a4000000 ---p 00000000 00:00 0 
7f82a4000000-7f82a4021000 rw-p 00000000 00:00 0 
7f82a4021000-7f82a8000000 ---p 00000000 00:00 0 
7f82a8000000-7f82a84c9000 rw-p 00000000 00:00 0 
7f82a84c9000-7f82ac000000 ---p 00000000 00:00 0 
7f82ac000000-7f82ac021000 rw-p 00000000 00:00 0 
7f82ac021000-7f82b0000000 ---p 00000000 00:00 0 
7f82b0000000-7f82b0021000 rw-p 00000000 00:00 0 
7f82b0021000-7f82b4000000 ---p 00000000 00:00 0 
7f82b4000000-7f82b4021000 rw-p 00000000 00:00 0 
7f82b4021000-7f82b8000000 ---p 00000000 00:00 0 
7f82b8000000-7f82b8021000 rw-p 00000000 00:00 0 
7f82b8021000-7f82bc000000 ---p 00000000 00:00 0 
7f82bc000000-7f82bc021000 rw-p 00000000 00:00 0 
7f82bc021000-7f82c0000000 ---p 00000000 00:00 0 
7f82c0001000-7f82c0027000 r--p 00000000 fd:00 3020830                    /usr/share/locale-langpack/de/LC_MESSAGES/libc.mo
7f82c0027000-7f82c002a000 r-xp 00000000 00:00 0 
7f82c002a000-7f82c002c000 rw-s 00000000 fd:00 8127581                    /tmp/.gljVYvR9 (deleted)
7f82c002c000-7f82c003f000 rw-s 00000000 00:06 468                        /dev/nvidiactl
7f82c003f000-7f82c005f000 rw-s 00000000 00:06 469                        /dev/nvidia0
7f82c005f000-7f82c0063000 rw-s 00000000 00:06 468                        /dev/nvidiactl
7f82c0063000-7f82c0196000 r-xp 00000000 fd:00 1835841                    /usr/lib/x86_64-linux-gnu/libX11.so.6.3.0
7f82c0196000-7f82c0396000 ---p 00133000 fd:00 1835841                    /usr/lib/x86_64-linux-gnu/libX11.so.6.3.0
7f82c0396000-7f82c0397000 r--p 00133000 fd:00 1835841                    /usr/lib/x86_64-linux-gnu/libX11.so.6.3.0
7f82c0397000-7f82c039b000 rw-p 00134000 fd:00 1835841                    /usr/lib/x86_64-linux-gnu/libX11.so.6.3.0
7f82c039b000-7f82c03dd000 r-xp 00000000 fd:00 8127571                    /tmp/lwjgljona/3.2.0-build-12/libglfw.so
7f82c03dd000-7f82c05dc000 ---p 00042000 fd:00 8127571                    /tmp/lwjgljona/3.2.0-build-12/libglfw.so
7f82c05dc000-7f82c05dd000 r--p 00041000 fd:00 8127571                    /tmp/lwjgljona/3.2.0-build-12/libglfw.so
7f82c05dd000-7f82c05df000 rw-p 00042000 fd:00 8127571                    /tmp/lwjgljona/3.2.0-build-12/libglfw.so
7f82c05df000-7f82c0600000 rw-p 00000000 00:00 0 
7f82c0600000-7f82c0e00000 rw-p 00000000 00:00 0 
7f82c0e00000-7f82c0e01000 rw-s 00000000 00:06 468                        /dev/nvidiactl
7f82c0e01000-7f82c0e02000 rw-s 00000000 00:06 469                        /dev/nvidia0
7f82c0e02000-7f82c0e42000 rw-s 00000000 00:06 468                        /dev/nvidiactl
7f82c0e42000-7f82c0e62000 rw-s 00000000 00:06 468                        /dev/nvidiactl
7f82c0e62000-7f82c0e63000 rw-s 00000000 00:06 469                        /dev/nvidia0
7f82c0e63000-7f82c0ea3000 rw-s 00000000 00:06 468                        /dev/nvidiactl
7f82c0ec3000-7f82c0ec4000 rw-s 00000000 00:06 468                        /dev/nvidiactl
7f82c0ec4000-7f82c0ec5000 rw-s 00000000 00:06 468                        /dev/nvidiactl
7f82c0ec5000-7f82c0ecc000 r--s 00000000 fd:00 2104063                    /usr/lib/x86_64-linux-gnu/gconv/gconv-modules.cache
7f82c0ecc000-7f82c0ecd000 r-xp 00000000 00:00 0 
7f82c0ecd000-7f82c0f19000 r-xp 00000000 fd:00 8127570                    /tmp/lwjgljona/3.2.0-build-12/libjemalloc.so
7f82c0f19000-7f82c1119000 ---p 0004c000 fd:00 8127570                    /tmp/lwjgljona/3.2.0-build-12/libjemalloc.so
7f82c1119000-7f82c111e000 r--p 0004c000 fd:00 8127570                    /tmp/lwjgljona/3.2.0-build-12/libjemalloc.so
7f82c111e000-7f82c111f000 rw-p 00051000 fd:00 8127570                    /tmp/lwjgljona/3.2.0-build-12/libjemalloc.so
7f82c111f000-7f82c132e000 rw-p 00000000 00:00 0 
7f82c132e000-7f82c1330000 r--s 0000f000 00:32 2763302                    /home/jona/.p2/pool/plugins/org.hamcrest.core_1.3.0.v20180420-1519.jar
7f82c1330000-7f82c1338000 r--s 00045000 00:32 3414847                    /home/jona/.p2/pool/plugins/org.junit_4.12.0.v201504281640/junit.jar
7f82c1338000-7f82c1339000 r--s 00003000 00:32 2754670                    /home/jona/.p2/pool/plugins/org.apiguardian_1.0.0.v20190212-2109.jar
7f82c1339000-7f82c133b000 r--s 00004000 00:32 2757799                    /home/jona/.p2/pool/plugins/org.opentest4j_1.1.1.v20190212-2109.jar
7f82c133b000-7f82c133d000 r--s 00013000 00:32 2757797                    /home/jona/.p2/pool/plugins/org.junit.vintage.engine_5.4.0.v20190212-2109.jar
7f82c133d000-7f82c133f000 r--s 00006000 00:32 2757796                    /home/jona/.p2/pool/plugins/org.junit.platform.suite.api_1.4.0.v20190212-2109.jar
7f82c133f000-7f82c1341000 r--s 00007000 00:32 2757795                    /home/jona/.p2/pool/plugins/org.junit.platform.runner_1.4.0.v20190212-2109.jar
7f82c1341000-7f82c1344000 r--s 0001b000 00:32 2757794                    /home/jona/.p2/pool/plugins/org.junit.platform.launcher_1.4.0.v20190212-2109.jar
7f82c1344000-7f82c1349000 r--s 00025000 00:32 2757793                    /home/jona/.p2/pool/plugins/org.junit.platform.engine_1.4.0.v20190212-2109.jar
7f82c1349000-7f82c134c000 r--s 00018000 00:32 2757792                    /home/jona/.p2/pool/plugins/org.junit.platform.commons_1.4.0.v20190212-2109.jar
7f82c134c000-7f82c1358000 r--s 0007c000 00:32 2757791                    /home/jona/.p2/pool/plugins/org.junit.jupiter.params_5.4.0.v20190212-2109.jar
7f82c1358000-7f82c135a000 r--s 00009000 00:32 2757790                    /home/jona/.p2/pool/plugins/org.junit.jupiter.migrationsupport_5.4.0.v20190212-2109.jar
7f82c135a000-7f82c135e000 r--s 0002e000 00:32 2757789                    /home/jona/.p2/pool/plugins/org.junit.jupiter.engine_5.4.0.v20190212-2109.jar
7f82c135e000-7f82c1362000 r--s 00024000 00:32 2757788                    /home/jona/.p2/pool/plugins/org.junit.jupiter.api_5.4.0.v20190212-2109.jar
7f82c1362000-7f82c1363000 r--s 00030000 00:32 4984323                    /home/jona/Programmieren/Java/libraries/lwjgl-release-3.2.0-custom/lwjgl-zstd-natives-linux.jar
7f82c1363000-7f82c1365000 r--s 0000a000 00:32 4984326                    /home/jona/Programmieren/Java/libraries/lwjgl-release-3.2.0-custom/lwjgl-zstd.jar
7f82c1365000-7f82c1366000 r--s 0000d000 00:32 4984320                    /home/jona/Programmieren/Java/libraries/lwjgl-release-3.2.0-custom/lwjgl-yoga-natives-linux.jar
7f82c1366000-7f82c1368000 r--s 0000d000 00:32 4984321                    /home/jona/Programmieren/Java/libraries/lwjgl-release-3.2.0-custom/lwjgl-yoga.jar
7f82c1368000-7f82c1369000 r--s 00001000 00:32 4984317                    /home/jona/Programmieren/Java/libraries/lwjgl-release-3.2.0-custom/lwjgl-xxhash-natives-linux.jar
7f82c1369000-7f82c136a000 r--s 00005000 00:32 4984318                    /home/jona/Programmieren/Java/libraries/lwjgl-release-3.2.0-custom/lwjgl-xxhash.jar
7f82c136a000-7f82c1382000 r--s 001b8000 00:32 4984316                    /home/jona/Programmieren/Java/libraries/lwjgl-release-3.2.0-custom/lwjgl-vulkan.jar
7f82c1382000-7f82c1383000 r--s 00009000 00:32 4984313                    /home/jona/Programmieren/Java/libraries/lwjgl-release-3.2.0-custom/lwjgl-vma-natives-linux.jar
7f82c1383000-7f82c1385000 r--s 0000c000 00:32 4984314                    /home/jona/Programmieren/Java/libraries/lwjgl-release-3.2.0-custom/lwjgl-vma.jar
7f82c1385000-7f82c1386000 r--s 0000d000 00:32 4984309                    /home/jona/Programmieren/Java/libraries/lwjgl-release-3.2.0-custom/lwjgl-tootle-natives-linux.jar
7f82c1386000-7f82c1387000 r--s 00001000 00:32 4984310                    /home/jona/Programmieren/Java/libraries/lwjgl-release-3.2.0-custom/lwjgl-tootle.jar
7f82c1387000-7f82c1388000 r--s 00009000 00:32 4984306                    /home/jona/Programmieren/Java/libraries/lwjgl-release-3.2.0-custom/lwjgl-tinyfd-natives-linux.jar
7f82c1388000-7f82c1389000 r--s 00001000 00:32 4984307                    /home/jona/Programmieren/Java/libraries/lwjgl-release-3.2.0-custom/lwjgl-tinyfd.jar
7f82c1389000-7f82c138b000 r--s 0000d000 00:32 4984303                    /home/jona/Programmieren/Java/libraries/lwjgl-release-3.2.0-custom/lwjgl-tinyexr-natives-linux.jar
7f82c138b000-7f82c138c000 r--s 0000a000 00:32 4984304                    /home/jona/Programmieren/Java/libraries/lwjgl-release-3.2.0-custom/lwjgl-tinyexr.jar
7f82c138c000-7f82c138d000 r--s 00030000 00:32 4984301                    /home/jona/Programmieren/Java/libraries/lwjgl-release-3.2.0-custom/lwjgl-stb-natives-linux.jar
7f82c138d000-7f82c138f000 r--s 00018000 00:32 4984302                    /home/jona/Programmieren/Java/libraries/lwjgl-release-3.2.0-custom/lwjgl-stb.jar
7f82c138f000-7f82c1390000 r--s 00000000 00:32 4984299                    /home/jona/Programmieren/Java/libraries/lwjgl-release-3.2.0-custom/lwjgl-sse-natives-linux.jar
7f82c1390000-7f82c1392000 r--s 00000000 00:32 4984300                    /home/jona/Programmieren/Java/libraries/lwjgl-release-3.2.0-custom/lwjgl-sse.jar
7f82c1392000-7f82c1393000 r--s 00002000 00:32 4984297                    /home/jona/Programmieren/Java/libraries/lwjgl-release-3.2.0-custom/lwjgl-rpmalloc-natives-linux.jar
7f82c1393000-7f82c1395000 r--s 00004000 00:32 4984298                    /home/jona/Programmieren/Java/libraries/lwjgl-release-3.2.0-custom/lwjgl-rpmalloc.jar
7f82c1395000-7f82c1396000 r--s 00006000 00:32 4984294                    /home/jona/Programmieren/Java/libraries/lwjgl-release-3.2.0-custom/lwjgl-remotery-natives-linux.jar
7f82c1396000-7f82c1397000 r--s 00005000 00:32 4984295                    /home/jona/Programmieren/Java/libraries/lwjgl-release-3.2.0-custom/lwjgl-remotery.jar
7f82c1397000-7f82c1398000 r--s 00005000 00:32 4984292                    /home/jona/Programmieren/Java/libraries/lwjgl-release-3.2.0-custom/lwjgl-par-natives-linux.jar
7f82c1398000-7f82c1399000 r--s 00002000 00:32 4984293                    /home/jona/Programmieren/Java/libraries/lwjgl-release-3.2.0-custom/lwjgl-par.jar
7f82c1399000-7f82c139a000 r--s 0001d000 00:32 4984289                    /home/jona/Programmieren/Java/libraries/lwjgl-release-3.2.0-custom/lwjgl-openvr-natives-linux.jar
7f82c139a000-7f82c139f000 r--s 0005c000 00:32 4984290                    /home/jona/Programmieren/Java/libraries/lwjgl-release-3.2.0-custom/lwjgl-openvr.jar
7f82c139f000-7f82c13a0000 r--s 00012000 00:32 4984285                    /home/jona/Programmieren/Java/libraries/lwjgl-release-3.2.0-custom/lwjgl-opengl-natives-linux.jar
7f82c13a0000-7f82c13a1000 r--s 00008000 00:32 4984287                    /home/jona/Programmieren/Java/libraries/lwjgl-release-3.2.0-custom/lwjgl-opengles-natives-linux.jar
7f82c13a1000-7f82c13a8000 r--s 0004f000 00:32 4984288                    /home/jona/Programmieren/Java/libraries/lwjgl-release-3.2.0-custom/lwjgl-opengles.jar
7f82c13a8000-7f82c13b3000 r--s 000d7000 00:32 4984286                    /home/jona/Programmieren/Java/libraries/lwjgl-release-3.2.0-custom/lwjgl-opengl.jar
7f82c13b3000-7f82c13b6000 r--s 00027000 00:32 4984284                    /home/jona/Programmieren/Java/libraries/lwjgl-release-3.2.0-custom/lwjgl-opencl.jar
7f82c13b6000-7f82c13b7000 r--s 00073000 00:32 4984281                    /home/jona/Programmieren/Java/libraries/lwjgl-release-3.2.0-custom/lwjgl-openal-natives-linux.jar
7f82c13b7000-7f82c13ba000 r--s 00011000 00:32 4984282                    /home/jona/Programmieren/Java/libraries/lwjgl-release-3.2.0-custom/lwjgl-openal.jar
7f82c13ba000-7f82c13bc000 r--s 00015000 00:32 4984280                    /home/jona/Programmieren/Java/libraries/lwjgl-release-3.2.0-custom/lwjgl-odbc.jar
7f82c13bc000-7f82c13bd000 r--s 00025000 00:32 4984278                    /home/jona/Programmieren/Java/libraries/lwjgl-release-3.2.0-custom/lwjgl-nuklear-natives-linux.jar
7f82c13bd000-7f82c13c3000 r--s 00064000 00:32 4984279                    /home/jona/Programmieren/Java/libraries/lwjgl-release-3.2.0-custom/lwjgl-nuklear.jar
7f82c13c3000-7f82c13c4000 r--s 00001000 00:32 4984275                    /home/jona/Programmieren/Java/libraries/lwjgl-release-3.2.0-custom/lwjgl-nfd-natives-linux.jar
7f82c13c4000-7f82c13c6000 r--s 00001000 00:32 4984276                    /home/jona/Programmieren/Java/libraries/lwjgl-release-3.2.0-custom/lwjgl-nfd.jar
7f82c13c6000-7f82c141e000 r-xp 00000000 fd:00 8127569                    /tmp/lwjgljona/3.2.0-build-12/liblwjgl.so
7f82c141e000-7f82c161d000 ---p 00058000 fd:00 8127569                    /tmp/lwjgljona/3.2.0-build-12/liblwjgl.so
7f82c161d000-7f82c161e000 r--p 00057000 fd:00 8127569                    /tmp/lwjgljona/3.2.0-build-12/liblwjgl.so
7f82c161e000-7f82c161f000 rw-p 00058000 fd:00 8127569                    /tmp/lwjgljona/3.2.0-build-12/liblwjgl.so
7f82c161f000-7f82c1620000 r--s 00014000 00:32 4984327                    /home/jona/Programmieren/Java/libraries/lwjgl-release-3.2.0-custom/lwjgl-natives-linux.jar
7f82c1620000-7f82c1621000 r--s 0002d000 00:32 4984271                    /home/jona/Programmieren/Java/libraries/lwjgl-release-3.2.0-custom/lwjgl-nanovg-natives-linux.jar
7f82c1621000-7f82c1623000 r--s 0000e000 00:32 4984272                    /home/jona/Programmieren/Java/libraries/lwjgl-release-3.2.0-custom/lwjgl-nanovg.jar
7f82c1623000-7f82c1625000 r--s 0000e000 00:32 4984268                    /home/jona/Programmieren/Java/libraries/lwjgl-release-3.2.0-custom/lwjgl-lz4-natives-linux.jar
7f82c1625000-7f82c1627000 r--s 0000b000 00:32 4984269                    /home/jona/Programmieren/Java/libraries/lwjgl-release-3.2.0-custom/lwjgl-lz4.jar
7f82c1627000-7f82c1628000 r--s 0000e000 00:32 4984266                    /home/jona/Programmieren/Java/libraries/lwjgl-release-3.2.0-custom/lwjgl-lmdb-natives-linux.jar
7f82c1628000-7f82c162a000 r--s 00006000 00:32 4984267                    /home/jona/Programmieren/Java/libraries/lwjgl-release-3.2.0-custom/lwjgl-lmdb.jar
7f82c162a000-7f82c162b000 r--s 00022000 00:32 4984263                    /home/jona/Programmieren/Java/libraries/lwjgl-release-3.2.0-custom/lwjgl-jemalloc-natives-linux.jar
7f82c162b000-7f82c162d000 r--s 00008000 00:32 4984264                    /home/jona/Programmieren/Java/libraries/lwjgl-release-3.2.0-custom/lwjgl-jemalloc.jar
7f82c162d000-7f82c162e000 r--s 00005000 00:32 4984261                    /home/jona/Programmieren/Java/libraries/lwjgl-release-3.2.0-custom/lwjgl-jawt.jar
7f82c162e000-7f82c162f000 r--s 00025000 00:32 4984259                    /home/jona/Programmieren/Java/libraries/lwjgl-release-3.2.0-custom/lwjgl-glfw-natives-linux.jar
7f82c162f000-7f82c1646000 r-xp 00000000 fd:00 1840005                    /usr/lib/jvm/java-8-openjdk-amd64/jre/lib/amd64/libnet.so
7f82c1646000-7f82c1845000 ---p 00017000 fd:00 1840005                    /usr/lib/jvm/java-8-openjdk-amd64/jre/lib/amd64/libnet.so
7f82c1845000-7f82c1846000 r--p 00016000 fd:00 1840005                    /usr/lib/jvm/java-8-openjdk-amd64/jre/lib/amd64/libnet.so
7f82c1846000-7f82c1847000 rw-p 00017000 fd:00 1840005                    /usr/lib/jvm/java-8-openjdk-amd64/jre/lib/amd64/libnet.so
7f82c1847000-7f82c1858000 r-xp 00000000 fd:00 1840013                    /usr/lib/jvm/java-8-openjdk-amd64/jre/lib/amd64/libnio.so
7f82c1858000-7f82c1a58000 ---p 00011000 fd:00 1840013                    /usr/lib/jvm/java-8-openjdk-amd64/jre/lib/amd64/libnio.so
7f82c1a58000-7f82c1a59000 r--p 00011000 fd:00 1840013                    /usr/lib/jvm/java-8-openjdk-amd64/jre/lib/amd64/libnio.so
7f82c1a59000-7f82c1a5a000 rw-p 00012000 fd:00 1840013                    /usr/lib/jvm/java-8-openjdk-amd64/jre/lib/amd64/libnio.so
7f82c1a5a000-7f82c1a6d000 r--s 00346000 fd:00 1840863                    /usr/lib/jvm/java-8-openjdk-amd64/jre/lib/resources.jar
7f82c1a6d000-7f82c1a71000 r--s 00019000 00:32 4984260                    /home/jona/Programmieren/Java/libraries/lwjgl-release-3.2.0-custom/lwjgl-glfw.jar
7f82c1a71000-7f82c1a75000 r--s 0001f000 00:32 4984257                    /home/jona/Programmieren/Java/libraries/lwjgl-release-3.2.0-custom/lwjgl-egl.jar
7f82c1a75000-7f82c1a76000 r--s 00050000 00:32 4984254                    /home/jona/Programmieren/Java/libraries/lwjgl-release-3.2.0-custom/lwjgl-bgfx-natives-linux.jar
7f82c1a76000-7f82c1a7a000 r--s 00025000 00:32 4984255                    /home/jona/Programmieren/Java/libraries/lwjgl-release-3.2.0-custom/lwjgl-bgfx.jar
7f82c1a7a000-7f82c1a7d000 r--s 00030000 00:32 4984252                    /home/jona/Programmieren/Java/libraries/lwjgl-release-3.2.0-custom/lwjgl-assimp.jar
7f82c1a7d000-7f82c1a87000 r--s 00116000 fd:00 1840415                    /usr/lib/jvm/java-8-openjdk-amd64/jre/lib/ext/localedata.jar
7f82c1a87000-7f82c1aa2000 r--s 00394000 fd:00 1840167                    /usr/lib/jvm/java-8-openjdk-amd64/jre/lib/ext/cldrdata.jar
7f82c1aa2000-7f82c1abd000 r--s 001d6000 fd:00 1840416                    /usr/lib/jvm/java-8-openjdk-amd64/jre/lib/ext/nashorn.jar
7f82c1abd000-7f82c1abe000 ---p 00000000 00:00 0 
7f82c1abe000-7f82c1bbe000 rw-p 00000000 00:00 0 
7f82c1bbe000-7f82c1bc1000 ---p 00000000 00:00 0 
7f82c1bc1000-7f82c1cbf000 rw-p 00000000 00:00 0 
7f82c1cbf000-7f82c1cc0000 ---p 00000000 00:00 0 
7f82c1cc0000-7f82c1cc3000 ---p 00000000 00:00 0 
7f82c1cc3000-7f82c1dc0000 rw-p 00000000 00:00 0 
7f82c1dc0000-7f82c1dc1000 ---p 00000000 00:00 0 
7f82c1dc1000-7f82c1dc4000 ---p 00000000 00:00 0 
7f82c1dc4000-7f82c1ec1000 rw-p 00000000 00:00 0 
7f82c1ec1000-7f82c1ec4000 ---p 00000000 00:00 0 
7f82c1ec4000-7f82c1fc2000 rw-p 00000000 00:00 0 
7f82c1fc2000-7f82c22f8000 r--p 00000000 fd:00 1836613                    /usr/lib/locale/locale-archive
7f82c22f8000-7f82c22fb000 ---p 00000000 00:00 0 
7f82c22fb000-7f82c23f9000 rw-p 00000000 00:00 0 
7f82c23f9000-7f82c23fc000 ---p 00000000 00:00 0 
7f82c23fc000-7f82c24fa000 rw-p 00000000 00:00 0 
7f82c24fa000-7f82c24fb000 ---p 00000000 00:00 0 
7f82c24fb000-7f82c5000000 rw-p 00000000 00:00 0 
7f82c5000000-7f82c5520000 rwxp 00000000 00:00 0 
7f82c5520000-7f82d4000000 ---p 00000000 00:00 0 
7f82d4000000-7f82d7f0a000 rw-p 00000000 00:00 0 
7f82d7f0a000-7f82d8000000 ---p 00000000 00:00 0 
7f82d8000000-7f82d8001000 r--s 00322000 00:32 4984251                    /home/jona/Programmieren/Java/libraries/lwjgl-release-3.2.0-custom/lwjgl-assimp-natives-linux.jar
7f82d8001000-7f82d8554000 rw-p 00000000 00:00 0 
7f82d8554000-7f82d8723000 r--s 03c33000 fd:00 1840935                    /usr/lib/jvm/java-8-openjdk-amd64/jre/lib/rt.jar
7f82d8723000-7f82d8977000 rw-p 00000000 00:00 0 
7f82d8977000-7f82d8978000 ---p 00000000 00:00 0 
7f82d8978000-7f82d8a78000 rw-p 00000000 00:00 0 
7f82d8a78000-7f82d8a79000 ---p 00000000 00:00 0 
7f82d8a79000-7f82d8b9c000 rw-p 00000000 00:00 0 
7f82d8b9c000-7f82d8cb8000 ---p 00000000 00:00 0 
7f82d8cb8000-7f82d8cdb000 rw-p 00000000 00:00 0 
7f82d8cdb000-7f82d8df6000 ---p 00000000 00:00 0 
7f82d8df6000-7f82d8e1e000 rw-p 00000000 00:00 0 
7f82d8e1e000-7f82d8e96000 ---p 00000000 00:00 0 
7f82d8e96000-7f82d8eac000 rw-p 00000000 00:00 0 
7f82d8eac000-7f82d9257000 ---p 00000000 00:00 0 
7f82d9257000-7f82d925f000 r-xp 00000000 fd:00 1840086                    /usr/lib/jvm/java-8-openjdk-amd64/jre/lib/amd64/libzip.so
7f82d925f000-7f82d945e000 ---p 00008000 fd:00 1840086                    /usr/lib/jvm/java-8-openjdk-amd64/jre/lib/amd64/libzip.so
7f82d945e000-7f82d945f000 r--p 00007000 fd:00 1840086                    /usr/lib/jvm/java-8-openjdk-amd64/jre/lib/amd64/libzip.so
7f82d945f000-7f82d9460000 rw-p 00008000 fd:00 1840086                    /usr/lib/jvm/java-8-openjdk-amd64/jre/lib/amd64/libzip.so
7f82d9460000-7f82d946b000 r-xp 00000000 fd:00 8913281                    /lib/x86_64-linux-gnu/libnss_files-2.27.so
7f82d946b000-7f82d966a000 ---p 0000b000 fd:00 8913281                    /lib/x86_64-linux-gnu/libnss_files-2.27.so
7f82d966a000-7f82d966b000 r--p 0000a000 fd:00 8913281                    /lib/x86_64-linux-gnu/libnss_files-2.27.so
7f82d966b000-7f82d966c000 rw-p 0000b000 fd:00 8913281                    /lib/x86_64-linux-gnu/libnss_files-2.27.so
7f82d966c000-7f82d9672000 rw-p 00000000 00:00 0 
7f82d9672000-7f82d9689000 r-xp 00000000 fd:00 8913278                    /lib/x86_64-linux-gnu/libnsl-2.27.so
7f82d9689000-7f82d9888000 ---p 00017000 fd:00 8913278                    /lib/x86_64-linux-gnu/libnsl-2.27.so
7f82d9888000-7f82d9889000 r--p 00016000 fd:00 8913278                    /lib/x86_64-linux-gnu/libnsl-2.27.so
7f82d9889000-7f82d988a000 rw-p 00017000 fd:00 8913278                    /lib/x86_64-linux-gnu/libnsl-2.27.so
7f82d988a000-7f82d988c000 rw-p 00000000 00:00 0 
7f82d988c000-7f82d9897000 r-xp 00000000 fd:00 8913283                    /lib/x86_64-linux-gnu/libnss_nis-2.27.so
7f82d9897000-7f82d9a96000 ---p 0000b000 fd:00 8913283                    /lib/x86_64-linux-gnu/libnss_nis-2.27.so
7f82d9a96000-7f82d9a97000 r--p 0000a000 fd:00 8913283                    /lib/x86_64-linux-gnu/libnss_nis-2.27.so
7f82d9a97000-7f82d9a98000 rw-p 0000b000 fd:00 8913283                    /lib/x86_64-linux-gnu/libnss_nis-2.27.so
7f82d9a98000-7f82d9aa0000 r-xp 00000000 fd:00 8913279                    /lib/x86_64-linux-gnu/libnss_compat-2.27.so
7f82d9aa0000-7f82d9ca0000 ---p 00008000 fd:00 8913279                    /lib/x86_64-linux-gnu/libnss_compat-2.27.so
7f82d9ca0000-7f82d9ca1000 r--p 00008000 fd:00 8913279                    /lib/x86_64-linux-gnu/libnss_compat-2.27.so
7f82d9ca1000-7f82d9ca2000 rw-p 00009000 fd:00 8913279                    /lib/x86_64-linux-gnu/libnss_compat-2.27.so
7f82d9ca2000-7f82d9cd0000 r-xp 00000000 fd:00 1839736                    /usr/lib/jvm/java-8-openjdk-amd64/jre/lib/amd64/libjava.so
7f82d9cd0000-7f82d9ecf000 ---p 0002e000 fd:00 1839736                    /usr/lib/jvm/java-8-openjdk-amd64/jre/lib/amd64/libjava.so
7f82d9ecf000-7f82d9ed0000 r--p 0002d000 fd:00 1839736                    /usr/lib/jvm/java-8-openjdk-amd64/jre/lib/amd64/libjava.so
7f82d9ed0000-7f82d9ed2000 rw-p 0002e000 fd:00 1839736                    /usr/lib/jvm/java-8-openjdk-amd64/jre/lib/amd64/libjava.so
7f82d9ed2000-7f82d9ee2000 r-xp 00000000 fd:00 1840082                    /usr/lib/jvm/java-8-openjdk-amd64/jre/lib/amd64/libverify.so
7f82d9ee2000-7f82da0e1000 ---p 00010000 fd:00 1840082                    /usr/lib/jvm/java-8-openjdk-amd64/jre/lib/amd64/libverify.so
7f82da0e1000-7f82da0e3000 r--p 0000f000 fd:00 1840082                    /usr/lib/jvm/java-8-openjdk-amd64/jre/lib/amd64/libverify.so
7f82da0e3000-7f82da0e4000 rw-p 00011000 fd:00 1840082                    /usr/lib/jvm/java-8-openjdk-amd64/jre/lib/amd64/libverify.so
7f82da0e4000-7f82da0eb000 r-xp 00000000 fd:00 8913288                    /lib/x86_64-linux-gnu/librt-2.27.so
7f82da0eb000-7f82da2ea000 ---p 00007000 fd:00 8913288                    /lib/x86_64-linux-gnu/librt-2.27.so
7f82da2ea000-7f82da2eb000 r--p 00006000 fd:00 8913288                    /lib/x86_64-linux-gnu/librt-2.27.so
7f82da2eb000-7f82da2ec000 rw-p 00007000 fd:00 8913288                    /lib/x86_64-linux-gnu/librt-2.27.so
7f82da2ec000-7f82da303000 r-xp 00000000 fd:00 8913418                    /lib/x86_64-linux-gnu/libgcc_s.so.1
7f82da303000-7f82da502000 ---p 00017000 fd:00 8913418                    /lib/x86_64-linux-gnu/libgcc_s.so.1
7f82da502000-7f82da503000 r--p 00016000 fd:00 8913418                    /lib/x86_64-linux-gnu/libgcc_s.so.1
7f82da503000-7f82da504000 rw-p 00017000 fd:00 8913418                    /lib/x86_64-linux-gnu/libgcc_s.so.1
7f82da504000-7f82da6a1000 r-xp 00000000 fd:00 8913275                    /lib/x86_64-linux-gnu/libm-2.27.so
7f82da6a1000-7f82da8a0000 ---p 0019d000 fd:00 8913275                    /lib/x86_64-linux-gnu/libm-2.27.so
7f82da8a0000-7f82da8a1000 r--p 0019c000 fd:00 8913275                    /lib/x86_64-linux-gnu/libm-2.27.so
7f82da8a1000-7f82da8a2000 rw-p 0019d000 fd:00 8913275                    /lib/x86_64-linux-gnu/libm-2.27.so
7f82da8a2000-7f82daa1b000 r-xp 00000000 fd:00 1840642                    /usr/lib/x86_64-linux-gnu/libstdc++.so.6.0.25
7f82daa1b000-7f82dac1b000 ---p 00179000 fd:00 1840642                    /usr/lib/x86_64-linux-gnu/libstdc++.so.6.0.25
7f82dac1b000-7f82dac25000 r--p 00179000 fd:00 1840642                    /usr/lib/x86_64-linux-gnu/libstdc++.so.6.0.25
7f82dac25000-7f82dac27000 rw-p 00183000 fd:00 1840642                    /usr/lib/x86_64-linux-gnu/libstdc++.so.6.0.25
7f82dac27000-7f82dac2b000 rw-p 00000000 00:00 0 
7f82dac2b000-7f82db8c5000 r-xp 00000000 fd:00 1840088                    /usr/lib/jvm/java-8-openjdk-amd64/jre/lib/amd64/server/libjvm.so
7f82db8c5000-7f82dbac4000 ---p 00c9a000 fd:00 1840088                    /usr/lib/jvm/java-8-openjdk-amd64/jre/lib/amd64/server/libjvm.so
7f82dbac4000-7f82dbb58000 r--p 00c99000 fd:00 1840088                    /usr/lib/jvm/java-8-openjdk-amd64/jre/lib/amd64/server/libjvm.so
7f82dbb58000-7f82dbb81000 rw-p 00d2d000 fd:00 1840088                    /usr/lib/jvm/java-8-openjdk-amd64/jre/lib/amd64/server/libjvm.so
7f82dbb81000-7f82dbbb1000 rw-p 00000000 00:00 0 
7f82dbbb1000-7f82dbbcb000 r-xp 00000000 fd:00 8913286                    /lib/x86_64-linux-gnu/libpthread-2.27.so
7f82dbbcb000-7f82dbdca000 ---p 0001a000 fd:00 8913286                    /lib/x86_64-linux-gnu/libpthread-2.27.so
7f82dbdca000-7f82dbdcb000 r--p 00019000 fd:00 8913286                    /lib/x86_64-linux-gnu/libpthread-2.27.so
7f82dbdcb000-7f82dbdcc000 rw-p 0001a000 fd:00 8913286                    /lib/x86_64-linux-gnu/libpthread-2.27.so
7f82dbdcc000-7f82dbdd0000 rw-p 00000000 00:00 0 
7f82dbdd0000-7f82dbdd3000 r-xp 00000000 fd:00 8913274                    /lib/x86_64-linux-gnu/libdl-2.27.so
7f82dbdd3000-7f82dbfd2000 ---p 00003000 fd:00 8913274                    /lib/x86_64-linux-gnu/libdl-2.27.so
7f82dbfd2000-7f82dbfd3000 r--p 00002000 fd:00 8913274                    /lib/x86_64-linux-gnu/libdl-2.27.so
7f82dbfd3000-7f82dbfd4000 rw-p 00003000 fd:00 8913274                    /lib/x86_64-linux-gnu/libdl-2.27.so
7f82dbfd4000-7f82dbff0000 r-xp 00000000 fd:00 8912923                    /lib/x86_64-linux-gnu/libz.so.1.2.11
7f82dbff0000-7f82dc1ef000 ---p 0001c000 fd:00 8912923                    /lib/x86_64-linux-gnu/libz.so.1.2.11
7f82dc1ef000-7f82dc1f0000 r--p 0001b000 fd:00 8912923                    /lib/x86_64-linux-gnu/libz.so.1.2.11
7f82dc1f0000-7f82dc1f1000 rw-p 0001c000 fd:00 8912923                    /lib/x86_64-linux-gnu/libz.so.1.2.11
7f82dc1f1000-7f82dc3d8000 r-xp 00000000 fd:00 8913271                    /lib/x86_64-linux-gnu/libc-2.27.so
7f82dc3d8000-7f82dc5d8000 ---p 001e7000 fd:00 8913271                    /lib/x86_64-linux-gnu/libc-2.27.so
7f82dc5d8000-7f82dc5dc000 r--p 001e7000 fd:00 8913271                    /lib/x86_64-linux-gnu/libc-2.27.so
7f82dc5dc000-7f82dc5de000 rw-p 001eb000 fd:00 8913271                    /lib/x86_64-linux-gnu/libc-2.27.so
7f82dc5de000-7f82dc5e2000 rw-p 00000000 00:00 0 
7f82dc5e2000-7f82dc5f0000 r-xp 00000000 fd:00 1837234                    /usr/lib/jvm/java-8-openjdk-amd64/jre/lib/amd64/jli/libjli.so
7f82dc5f0000-7f82dc7ef000 ---p 0000e000 fd:00 1837234                    /usr/lib/jvm/java-8-openjdk-amd64/jre/lib/amd64/jli/libjli.so
7f82dc7ef000-7f82dc7f0000 r--p 0000d000 fd:00 1837234                    /usr/lib/jvm/java-8-openjdk-amd64/jre/lib/amd64/jli/libjli.so
7f82dc7f0000-7f82dc7f1000 rw-p 0000e000 fd:00 1837234                    /usr/lib/jvm/java-8-openjdk-amd64/jre/lib/amd64/jli/libjli.so
7f82dc7f1000-7f82dc818000 r-xp 00000000 fd:00 8912930                    /lib/x86_64-linux-gnu/ld-2.27.so
7f82dc818000-7f82dc81d000 r--s 00048000 00:32 4984328                    /home/jona/Programmieren/Java/libraries/lwjgl-release-3.2.0-custom/lwjgl.jar
7f82dc81d000-7f82dc823000 r--s 0003b000 fd:00 1840418                    /usr/lib/jvm/java-8-openjdk-amd64/jre/lib/ext/sunjce_provider.jar
7f82dc823000-7f82dc8e8000 rw-p 00000000 00:00 0 
7f82dc8e8000-7f82dc8e9000 ---p 00000000 00:00 0 
7f82dc8e9000-7f82dc8ec000 ---p 00000000 00:00 0 
7f82dc8ec000-7f82dc9eb000 rw-p 00000000 00:00 0 
7f82dc9eb000-7f82dc9ec000 r--s 0000a000 fd:00 1840414                    /usr/lib/jvm/java-8-openjdk-amd64/jre/lib/ext/jaccess.jar
7f82dc9ec000-7f82dc9ee000 r--s 00008000 fd:00 1840417                    /usr/lib/jvm/java-8-openjdk-amd64/jre/lib/ext/sunec.jar
7f82dc9ee000-7f82dc9f1000 r--s 0000f000 fd:00 1840412                    /usr/lib/jvm/java-8-openjdk-amd64/jre/lib/ext/icedtea-sound.jar
7f82dc9f1000-7f82dc9f2000 r--s 00010000 fd:00 1840426                    /usr/lib/jvm/java-8-openjdk-amd64/jre/lib/ext/zipfs.jar
7f82dc9f2000-7f82dc9f5000 r--s 00038000 fd:00 1840422                    /usr/lib/jvm/java-8-openjdk-amd64/jre/lib/ext/sunpkcs11.jar
7f82dc9f5000-7f82dc9f7000 r--s 00007000 fd:00 2359301                    /usr/share/java/java-atk-wrapper.jar
7f82dc9f7000-7f82dc9f9000 r--s 00001000 fd:00 1840173                    /usr/lib/jvm/java-8-openjdk-amd64/jre/lib/ext/dnsns.jar
7f82dc9f9000-7f82dca0c000 rw-p 00000000 00:00 0 
7f82dca0c000-7f82dca14000 rw-s 00000000 fd:00 8127580                    /tmp/hsperfdata_jona/5471
7f82dca14000-7f82dca15000 rw-p 00000000 00:00 0 
7f82dca15000-7f82dca16000 r--p 00000000 00:00 0 
7f82dca16000-7f82dca18000 rw-p 00000000 00:00 0 
7f82dca18000-7f82dca19000 r--p 00027000 fd:00 8912930                    /lib/x86_64-linux-gnu/ld-2.27.so
7f82dca19000-7f82dca1a000 rw-p 00028000 fd:00 8912930                    /lib/x86_64-linux-gnu/ld-2.27.so
7f82dca1a000-7f82dca1b000 rw-p 00000000 00:00 0 
7ffdedabb000-7ffdedadd000 rw-p 00000000 00:00 0                          [stack]
7ffdedb62000-7ffdedb65000 r--p 00000000 00:00 0                          [vvar]
7ffdedb65000-7ffdedb67000 r-xp 00000000 00:00 0                          [vdso]
ffffffffff600000-ffffffffff601000 r-xp 00000000 00:00 0                  [vsyscall]

VM Arguments:
jvm_args: -Dfile.encoding=UTF-8 
java_command: core.Main
java_class_path (initial): /home/jona/Java Game Project/Code/Turn-based-Strategy/bin:/home/jona/Programmieren/Java/libraries/lwjgl-release-3.2.0-custom/lwjgl.jar:/home/jona/Programmieren/Java/libraries/lwjgl-release-3.2.0-custom/lwjgl-assimp.jar:/home/jona/Programmieren/Java/libraries/lwjgl-release-3.2.0-custom/lwjgl-assimp-natives-linux.jar:/home/jona/Programmieren/Java/libraries/lwjgl-release-3.2.0-custom/lwjgl-bgfx.jar:/home/jona/Programmieren/Java/libraries/lwjgl-release-3.2.0-custom/lwjgl-bgfx-natives-linux.jar:/home/jona/Programmieren/Java/libraries/lwjgl-release-3.2.0-custom/lwjgl-egl.jar:/home/jona/Programmieren/Java/libraries/lwjgl-release-3.2.0-custom/lwjgl-glfw.jar:/home/jona/Programmieren/Java/libraries/lwjgl-release-3.2.0-custom/lwjgl-glfw-natives-linux.jar:/home/jona/Programmieren/Java/libraries/lwjgl-release-3.2.0-custom/lwjgl-jawt.jar:/home/jona/Programmieren/Java/libraries/lwjgl-release-3.2.0-custom/lwjgl-jemalloc.jar:/home/jona/Programmieren/Java/libraries/lwjgl-release-3.2.0-custom/lwjgl-jemalloc-natives-linux.jar:/home/jona/Programmieren/Java/libraries/lwjgl-release-3.2.0-custom/lwjgl-lmdb.jar:/home/jona/Programmieren/Java/libraries/lwjgl-release-3.2.0-custom/lwjgl-lmdb-natives-linux.jar:/home/jona/Programmieren/Java/libraries/lwjgl-release-3.2.0-custom/lwjgl-lz4.jar:/home/jona/Programmieren/Java/libraries/lwjgl-release-3.2.0-custom/lwjgl-lz4-natives-linux.jar:/home/jona/Programmieren/Java/libraries/lwjgl-release-3.2.0-custom/lwjgl-nanovg.jar:/home/jona/Programmieren/Java/libraries/lwjgl-release-3.2.0-custom/lwjgl-nanovg-natives-linux.jar:/home/jona/Programmieren/Java/libraries/lwjgl-release-3.2.0-custom/lwjgl-natives-linux.jar:/home/jona/Programmieren/Java/libraries/lwjgl-release-3.2.0-custom/lwjgl-nfd.jar:/home/jona/Programmieren/Java/libraries/lwjgl-release-3.2.0-custom/lwjgl-nfd-natives-linux.jar:/home/jona/Programmieren/Java/libraries/lwjgl-release-3.2.0-custom/lwjgl-nuklear.jar:/home/jona/Programmieren/Java/libraries/lwjgl-release-3.2.0-c
Launcher Type: SUN_STANDARD

Environment Variables:
PATH=/usr/local/sbin:/usr/local/bin:/usr/sbin:/usr/bin:/sbin:/bin:/usr/games:/usr/local/games:/snap/bin
USERNAME=jona
SHELL=/bin/bash
DISPLAY=:1

Signal Handlers:
SIGSEGV: [libjvm.so+0xab2ea0], sa_mask[0]=11111111011111111101111111111110, sa_flags=SA_RESTART|SA_SIGINFO
SIGBUS: [libjvm.so+0xab2ea0], sa_mask[0]=11111111011111111101111111111110, sa_flags=SA_RESTART|SA_SIGINFO
SIGFPE: [libjvm.so+0x8e87b0], sa_mask[0]=11111111011111111101111111111110, sa_flags=SA_RESTART|SA_SIGINFO
SIGPIPE: [libjvm.so+0x8e87b0], sa_mask[0]=11111111011111111101111111111110, sa_flags=SA_RESTART|SA_SIGINFO
SIGXFSZ: [libjvm.so+0x8e87b0], sa_mask[0]=11111111011111111101111111111110, sa_flags=SA_RESTART|SA_SIGINFO
SIGILL: [libjvm.so+0x8e87b0], sa_mask[0]=11111111011111111101111111111110, sa_flags=SA_RESTART|SA_SIGINFO
SIGUSR1: SIG_DFL, sa_mask[0]=00000000000000000000000000000000, sa_flags=none
SIGUSR2: [libjvm.so+0x8e8660], sa_mask[0]=00100000000000000000000000000000, sa_flags=SA_RESTART|SA_SIGINFO
SIGHUP: [libjvm.so+0x8e8cd0], sa_mask[0]=11111111011111111101111111111110, sa_flags=SA_RESTART|SA_SIGINFO
SIGINT: [libjvm.so+0x8e8cd0], sa_mask[0]=11111111011111111101111111111110, sa_flags=SA_RESTART|SA_SIGINFO
SIGTERM: [libjvm.so+0x8e8cd0], sa_mask[0]=11111111011111111101111111111110, sa_flags=SA_RESTART|SA_SIGINFO
SIGQUIT: [libjvm.so+0x8e8cd0], sa_mask[0]=11111111011111111101111111111110, sa_flags=SA_RESTART|SA_SIGINFO


---------------  S Y S T E M  ---------------

OS:DISTRIB_ID=Ubuntu
DISTRIB_RELEASE=18.04
DISTRIB_CODENAME=bionic
DISTRIB_DESCRIPTION="Ubuntu 18.04.2 LTS"

uname:Linux 4.15.0-47-generic #50-Ubuntu SMP Wed Mar 13 10:44:52 UTC 2019 x86_64
libc:glibc 2.27 NPTL 2.27 
rlimit: STACK 8192k, CORE 0k, NPROC 14987, NOFILE 1048576, AS infinity
load average:0,72 0,54 0,48

/proc/meminfo:
MemTotal:        3907940 kB
MemFree:          225456 kB
MemAvailable:     200336 kB
Buffers:            7448 kB
Cached:           262000 kB
SwapCached:        58624 kB
Active:          2739396 kB
Inactive:         595448 kB
Active(anon):    2663168 kB
Inactive(anon):   538960 kB
Active(file):      76228 kB
Inactive(file):    56488 kB
Unevictable:          64 kB
Mlocked:              64 kB
SwapTotal:       4062716 kB
SwapFree:        3817200 kB
Dirty:               152 kB
Writeback:             0 kB
AnonPages:       3007012 kB
Mapped:           307904 kB
Shmem:            136664 kB
Slab:             134432 kB
SReclaimable:      56244 kB
SUnreclaim:        78188 kB
KernelStack:       13968 kB
PageTables:        56396 kB
NFS_Unstable:          0 kB
Bounce:                0 kB
WritebackTmp:          0 kB
CommitLimit:     6016684 kB
Committed_AS:    8588888 kB
VmallocTotal:   34359738367 kB
VmallocUsed:           0 kB
VmallocChunk:          0 kB
HardwareCorrupted:     0 kB
AnonHugePages:         0 kB
ShmemHugePages:        0 kB
ShmemPmdMapped:        0 kB
CmaTotal:              0 kB
CmaFree:               0 kB
HugePages_Total:       0
HugePages_Free:        0
HugePages_Rsvd:        0
HugePages_Surp:        0
Hugepagesize:       2048 kB
DirectMap4k:      507900 kB
DirectMap2M:     3553280 kB

container (cgroup) information:
container_type: cgroupv1
cpu_cpuset_cpus: 0-1
cpu_memory_nodes: 0
active_processor_count: 2
cpu_quota: -1
cpu_period: 100000
cpu_shares: -1
memory_limit_in_bytes: -1
memory_and_swap_limit_in_bytes: -2
memory_soft_limit_in_bytes: -1
memory_usage_in_bytes: 3414884352
memory_max_usage_in_bytes: 0


CPU:total 2 (initial active 2) (2 cores per cpu, 1 threads per core) family 6 model 23 stepping 10, cmov, cx8, fxsr, mmx, sse, sse2, sse3, ssse3, sse4.1, tsc

/proc/cpuinfo:
processor	: 0
vendor_id	: GenuineIntel
cpu family	: 6
model		: 23
model name	: Intel(R) Core(TM)2 Duo CPU     E8500  @ 3.16GHz
stepping	: 10
microcode	: 0xa0b
cpu MHz		: 2811.394
cache size	: 6144 KB
physical id	: 0
siblings	: 2
core id		: 0
cpu cores	: 2
apicid		: 0
initial apicid	: 0
fpu		: yes
fpu_exception	: yes
cpuid level	: 13
wp		: yes
flags		: fpu vme de pse tsc msr pae mce cx8 apic sep mtrr pge mca cmov pat pse36 clflush dts acpi mmx fxsr sse sse2 ss ht tm pbe syscall nx lm constant_tsc arch_perfmon pebs bts rep_good nopl cpuid aperfmperf pni dtes64 monitor ds_cpl vmx smx est tm2 ssse3 cx16 xtpr pdcm sse4_1 xsave lahf_lm pti tpr_shadow vnmi flexpriority dtherm
bugs		: cpu_meltdown spectre_v1 spectre_v2 spec_store_bypass l1tf
bogomips	: 6317.28
clflush size	: 64
cache_alignment	: 64
address sizes	: 36 bits physical, 48 bits virtual
power management:

processor	: 1
vendor_id	: GenuineIntel
cpu family	: 6
model		: 23
model name	: Intel(R) Core(TM)2 Duo CPU     E8500  @ 3.16GHz
stepping	: 10
microcode	: 0xa0b
cpu MHz		: 2888.418
cache size	: 6144 KB
physical id	: 0
siblings	: 2
core id		: 1
cpu cores	: 2
apicid		: 1
initial apicid	: 1
fpu		: yes
fpu_exception	: yes
cpuid level	: 13
wp		: yes
flags		: fpu vme de pse tsc msr pae mce cx8 apic sep mtrr pge mca cmov pat pse36 clflush dts acpi mmx fxsr sse sse2 ss ht tm pbe syscall nx lm constant_tsc arch_perfmon pebs bts rep_good nopl cpuid aperfmperf pni dtes64 monitor ds_cpl vmx smx est tm2 ssse3 cx16 xtpr pdcm sse4_1 xsave lahf_lm pti tpr_shadow vnmi flexpriority dtherm
bugs		: cpu_meltdown spectre_v1 spectre_v2 spec_store_bypass l1tf
bogomips	: 6317.28
clflush size	: 64
cache_alignment	: 64
address sizes	: 36 bits physical, 48 bits virtual
power management:



Memory: 4k page, physical 3907940k(225456k free), swap 4062716k(3817200k free)

vm_info: OpenJDK 64-Bit Server VM (25.191-b12) for linux-amd64 JRE (1.8.0_191-8u191-b12-2ubuntu0.18.04.1-b12), built on Jan 14 2019 21:02:00 by "buildd" with gcc 7.3.0

time: Fri Apr 19 10:03:14 2019
elapsed time: 8 seconds (0d 0h 0m 8s)

